23:42:49.684 [JavaFX Application Thread] DEBUG GameApplication      - Logger initialized
23:42:49.712 [JavaFX Application Thread] DEBUG GameApplication      - Logging settings
Title: Sorvetinho Adventures
Version: 1.0
Width: 900
Height: 900
Fullscreen: false
Intro: false
Menus: true
Profiling: false
Single step:false
App Mode: RELEASE
Menu Key: ESCAPE
Stage Style: DECORATED
Scene Factory: class jogozMenu.JogozSceneFactory
Dialog Factory: class com.almasb.fxgl.ui.FXGLDialogFactory
UI Factory: class com.almasb.fxgl.ui.FXGLUIFactory
Notification Service: class com.almasb.fxgl.gameplay.notification.XboxNotificationView
Exception Handler: class com.almasb.fxgl.app.FXGLExceptionHandler
23:42:49.713 [JavaFX Application Thread] DEBUG GameApplication      - Starting FXGL
23:42:49.733 [JavaFX Application Thread] INFO  FXGL                 - FXGL-0.5.4 on DESKTOP
23:42:49.733 [JavaFX Application Thread] INFO  FXGL                 - Source code and latest versions at: https://github.com/AlmasB/FXGL
23:42:49.734 [JavaFX Application Thread] INFO  FXGL                 -              Join the FXGL chat at: https://gitter.im/AlmasB/FXGL
23:42:49.734 [JavaFX Application Thread] DEBUG FXGL                 - FXGL started
23:42:49.735 [JavaFX Application Thread] DEBUG FXGL                 - Initializing FXGL
23:42:49.789 [JavaFX Application Thread] DEBUG AssetLoader          - Loading from disk: /assets/ui/cursors/fxgl_default.png
23:42:49.833 [JavaFX Application Thread] DEBUG AssetLoader          - Loading from disk: /assets/ui/fonts/VarelaRound-Regular.ttf
23:42:50.207 [JavaFX Application Thread] DEBUG MainWindow           - Creating a JavaFX scene
23:42:50.281 [JavaFX Application Thread] DEBUG MainWindow           - Target settings size: 900.0 x 900.0
23:42:50.282 [JavaFX Application Thread] DEBUG MainWindow           - Scaled scene size:    900.0 x 900.0
23:42:50.282 [JavaFX Application Thread] DEBUG MainWindow           - Scaled ratio: (1.0, 1.0)
23:42:50.287 [JavaFX Application Thread] DEBUG AssetLoader          - Loading from disk: /assets/ui/css/fxgl_dark.css
23:42:50.292 [JavaFX Application Thread] DEBUG AssetLoader          - Loading from disk: /assets/textures/fxgl_icon.png
23:42:50.319 [JavaFX Application Thread] DEBUG MainWindow           - Opening main window
23:42:50.727 [JavaFX Application Thread] DEBUG MainWindow           - Window border size: (6.0, 35.0)
23:42:50.727 [JavaFX Application Thread] DEBUG MainWindow           - Scaled size: 900.0 x 900.0
23:42:50.727 [JavaFX Application Thread] DEBUG MainWindow           - Scaled ratio: (1.0, 1.0)
23:42:50.728 [JavaFX Application Thread] DEBUG MainWindow           - Scene size: 900.0 x 900.0
23:42:50.728 [JavaFX Application Thread] DEBUG MainWindow           - Stage size: 906.0 x 935.0
23:42:50.793 [ForkJoinPool.commonPool-worker-1] DEBUG FS                   - Loaded DesktopFSService
23:42:50.794 [ForkJoinPool.commonPool-worker-1] DEBUG FXGL                 - Loading FXGL system data
23:42:50.804 [ForkJoinPool.commonPool-worker-1] DEBUG DesktopFSService     - Reading from: system\fxgl.bundle
23:42:50.815 [ForkJoinPool.commonPool-worker-1] DEBUG Bundle               - Logging bundle: FXGL
23:42:50.818 [ForkJoinPool.commonPool-worker-1] DEBUG Bundle               - FXGL.offline.timer.version.check=2018-11-30T10:24:56.478
23:42:50.822 [ForkJoinPool.commonPool-worker-1] DEBUG FXGL                 - Initializing state machine and application states
23:42:50.824 [ForkJoinPool.commonPool-worker-1] DEBUG AssetLoader          - Loading from disk: /assets/ui/cursors/fxgl_default.png
23:42:50.840 [ForkJoinPool.commonPool-worker-1] DEBUG AssetLoader          - Loading from disk: /assets/ui/cursors/fxgl_default.png
23:42:50.847 [ForkJoinPool.commonPool-worker-1] DEBUG AssetLoader          - Loading from cache: /assets/ui/fonts/VarelaRound-Regular.ttf
23:42:50.852 [ForkJoinPool.commonPool-worker-1] DEBUG AssetLoader          - Loading from disk: /assets/ui/cursors/fxgl_default.png
23:42:50.856 [ForkJoinPool.commonPool-worker-1] DEBUG GameScene            - Game scene initialized: 900x900
23:42:50.865 [ForkJoinPool.commonPool-worker-1] DEBUG GameWorld            - Game world initialized
23:42:50.942 [ForkJoinPool.commonPool-worker-1] DEBUG PhysicsWorld         - Physics world initialized: appHeight=900, physics.ppm=50,0
23:42:50.993 [ForkJoinPool.commonPool-worker-1] DEBUG AssetLoader          - Loading from disk: /assets/ui/cursors/fxgl_default.png
23:42:50.997 [ForkJoinPool.commonPool-worker-1] DEBUG AssetLoader          - Loading from disk: /assets/properties/languages/english.properties
23:42:50.998 [ForkJoinPool.commonPool-worker-1] DEBUG AssetLoader          - Loading from cache: /assets/ui/fonts/VarelaRound-Regular.ttf
23:42:50.999 [ForkJoinPool.commonPool-worker-1] DEBUG AssetLoader          - Loading from disk: /assets/textures/IceCreamBackground.png
23:42:51.045 [ForkJoinPool.commonPool-worker-1] DEBUG AssetLoader          - Loading from disk: /assets/textures/IceCreamLogo.png
23:42:51.053 [ForkJoinPool.commonPool-worker-1] DEBUG AssetLoader          - Loading from cache: /assets/ui/fonts/VarelaRound-Regular.ttf
23:42:51.054 [ForkJoinPool.commonPool-worker-1] DEBUG AssetLoader          - Loading from cache: /assets/ui/fonts/VarelaRound-Regular.ttf
23:42:51.162 [ForkJoinPool.commonPool-worker-1] DEBUG AssetLoader          - Loading from cache: /assets/music/battle.mp3
23:42:51.162 [ForkJoinPool.commonPool-worker-1] DEBUG AudioPlayer          - Playing music com.almasb.fxgl.audio.Music@722becf0
23:42:51.164 [ForkJoinPool.commonPool-worker-1] DEBUG AssetLoader          - Loading from disk: /assets/ui/cursors/CursorIceCream.png
23:42:51.176 [ForkJoinPool.commonPool-worker-1] DEBUG FXGL.Menu            - createMenuBodyMainMenu()
23:42:51.196 [ForkJoinPool.commonPool-worker-1] DEBUG AssetLoader          - Loading from cache: /assets/ui/fonts/VarelaRound-Regular.ttf
23:42:51.201 [ForkJoinPool.commonPool-worker-1] DEBUG AssetLoader          - Loading from cache: /assets/properties/languages/english.properties
23:42:51.204 [ForkJoinPool.commonPool-worker-1] DEBUG AssetLoader          - Loading from cache: /assets/ui/fonts/VarelaRound-Regular.ttf
23:42:51.205 [ForkJoinPool.commonPool-worker-1] DEBUG AssetLoader          - Loading from cache: /assets/properties/languages/english.properties
23:42:51.205 [ForkJoinPool.commonPool-worker-1] DEBUG FXGL.Menu            - createOptionsMenu()
23:42:51.205 [ForkJoinPool.commonPool-worker-1] DEBUG AssetLoader          - Loading from cache: /assets/ui/fonts/VarelaRound-Regular.ttf
23:42:51.206 [ForkJoinPool.commonPool-worker-1] DEBUG AssetLoader          - Loading from cache: /assets/properties/languages/english.properties
23:42:51.207 [ForkJoinPool.commonPool-worker-1] DEBUG AssetLoader          - Loading from cache: /assets/ui/fonts/VarelaRound-Regular.ttf
23:42:51.208 [ForkJoinPool.commonPool-worker-1] DEBUG AssetLoader          - Loading from cache: /assets/properties/languages/english.properties
23:42:51.208 [ForkJoinPool.commonPool-worker-1] DEBUG AssetLoader          - Loading from cache: /assets/ui/fonts/VarelaRound-Regular.ttf
23:42:51.209 [ForkJoinPool.commonPool-worker-1] DEBUG AssetLoader          - Loading from cache: /assets/properties/languages/english.properties
23:42:51.210 [ForkJoinPool.commonPool-worker-1] DEBUG AssetLoader          - Loading from cache: /assets/ui/fonts/VarelaRound-Regular.ttf
23:42:51.210 [ForkJoinPool.commonPool-worker-1] DEBUG AssetLoader          - Loading from cache: /assets/properties/languages/english.properties
23:42:51.212 [ForkJoinPool.commonPool-worker-1] DEBUG AssetLoader          - Loading from cache: /assets/ui/fonts/VarelaRound-Regular.ttf
23:42:51.212 [ForkJoinPool.commonPool-worker-1] DEBUG AssetLoader          - Loading from cache: /assets/properties/languages/english.properties
23:42:51.213 [ForkJoinPool.commonPool-worker-1] DEBUG AssetLoader          - Loading from disk: /assets/textures/Cherry.png
23:42:51.280 [ForkJoinPool.commonPool-worker-1] DEBUG AssetLoader          - Loading from disk: /assets/ui/cursors/fxgl_default.png
23:42:51.283 [ForkJoinPool.commonPool-worker-1] DEBUG AssetLoader          - Loading from cache: /assets/properties/languages/english.properties
23:42:51.283 [ForkJoinPool.commonPool-worker-1] DEBUG AssetLoader          - Loading from cache: /assets/ui/fonts/VarelaRound-Regular.ttf
23:42:51.283 [ForkJoinPool.commonPool-worker-1] DEBUG AssetLoader          - Loading from cache: /assets/textures/IceCreamBackground.png
23:42:51.283 [ForkJoinPool.commonPool-worker-1] DEBUG AssetLoader          - Loading from cache: /assets/textures/IceCreamLogo.png
23:42:51.284 [ForkJoinPool.commonPool-worker-1] DEBUG AssetLoader          - Loading from cache: /assets/ui/fonts/VarelaRound-Regular.ttf
23:42:51.286 [ForkJoinPool.commonPool-worker-1] DEBUG AssetLoader          - Loading from cache: /assets/ui/fonts/VarelaRound-Regular.ttf
23:42:51.286 [ForkJoinPool.commonPool-worker-1] DEBUG AssetLoader          - Loading from cache: /assets/music/battle.mp3
23:42:51.286 [ForkJoinPool.commonPool-worker-1] DEBUG AssetLoader          - Loading from cache: /assets/music/field_of_hopes.mp3
23:42:51.286 [ForkJoinPool.commonPool-worker-1] DEBUG AssetLoader          - Loading from cache: /assets/music/battle.mp3
23:42:51.286 [ForkJoinPool.commonPool-worker-1] DEBUG AudioPlayer          - Playing music com.almasb.fxgl.audio.Music@722becf0
23:42:51.286 [ForkJoinPool.commonPool-worker-1] DEBUG AssetLoader          - Loading from disk: /assets/ui/cursors/CursorIceCream.png
23:42:51.296 [ForkJoinPool.commonPool-worker-1] DEBUG FXGL.Menu            - createMenuBodyGameMenu()
23:42:51.296 [ForkJoinPool.commonPool-worker-1] DEBUG AssetLoader          - Loading from cache: /assets/ui/fonts/VarelaRound-Regular.ttf
23:42:51.297 [ForkJoinPool.commonPool-worker-1] DEBUG AssetLoader          - Loading from cache: /assets/properties/languages/english.properties
23:42:51.297 [ForkJoinPool.commonPool-worker-1] DEBUG AssetLoader          - Loading from cache: /assets/ui/fonts/VarelaRound-Regular.ttf
23:42:51.298 [ForkJoinPool.commonPool-worker-1] DEBUG AssetLoader          - Loading from cache: /assets/properties/languages/english.properties
23:42:51.298 [ForkJoinPool.commonPool-worker-1] DEBUG FXGL.Menu            - createOptionsMenu()
23:42:51.298 [ForkJoinPool.commonPool-worker-1] DEBUG AssetLoader          - Loading from cache: /assets/ui/fonts/VarelaRound-Regular.ttf
23:42:51.298 [ForkJoinPool.commonPool-worker-1] DEBUG AssetLoader          - Loading from cache: /assets/properties/languages/english.properties
23:42:51.299 [ForkJoinPool.commonPool-worker-1] DEBUG AssetLoader          - Loading from cache: /assets/ui/fonts/VarelaRound-Regular.ttf
23:42:51.299 [ForkJoinPool.commonPool-worker-1] DEBUG AssetLoader          - Loading from cache: /assets/properties/languages/english.properties
23:42:51.299 [ForkJoinPool.commonPool-worker-1] DEBUG AssetLoader          - Loading from cache: /assets/ui/fonts/VarelaRound-Regular.ttf
23:42:51.300 [ForkJoinPool.commonPool-worker-1] DEBUG AssetLoader          - Loading from cache: /assets/properties/languages/english.properties
23:42:51.300 [ForkJoinPool.commonPool-worker-1] DEBUG AssetLoader          - Loading from cache: /assets/ui/fonts/VarelaRound-Regular.ttf
23:42:51.300 [ForkJoinPool.commonPool-worker-1] DEBUG AssetLoader          - Loading from cache: /assets/properties/languages/english.properties
23:42:51.301 [ForkJoinPool.commonPool-worker-1] DEBUG AssetLoader          - Loading from cache: /assets/ui/fonts/VarelaRound-Regular.ttf
23:42:51.301 [ForkJoinPool.commonPool-worker-1] DEBUG AssetLoader          - Loading from cache: /assets/properties/languages/english.properties
23:42:51.302 [ForkJoinPool.commonPool-worker-1] DEBUG AssetLoader          - Loading from cache: /assets/textures/Cherry.png@128.0x128.0
23:42:51.370 [JavaFX Application Thread] DEBUG FXGL                 - Running preInit()
23:42:51.445 [JavaFX Application Thread] DEBUG Input                - Registered new binding: Screenshot - P
23:42:51.446 [JavaFX Application Thread] DEBUG Input                - Registered new binding: Dev Options - CTRL+0
23:42:51.447 [JavaFX Application Thread] DEBUG Input                - Registered new binding: System info dump - CTRL+9
23:42:51.447 [JavaFX Application Thread] DEBUG Input                - Registered new binding: Restart - CTRL+R
23:42:51.447 [JavaFX Application Thread] DEBUG Input                - Registered new binding: Move Right - D
23:42:51.448 [JavaFX Application Thread] DEBUG Input                - Registered new binding: Move Left - A
23:42:51.448 [JavaFX Application Thread] DEBUG Input                - Registered new binding: Move Up - W
23:42:51.448 [JavaFX Application Thread] DEBUG Input                - Registered new binding: Move Down - S
23:42:51.448 [JavaFX Application Thread] DEBUG Input                - Registered new binding: Toggle Advanced Stats - F3
23:42:51.450 [JavaFX Application Thread] DEBUG MenuEventHandler     - generateDefaultProfile()
23:42:51.450 [JavaFX Application Thread] DEBUG MenuEventHandler     - Creating default profile
23:42:51.450 [JavaFX Application Thread] DEBUG EventBus             - Firing event: SaveEvent
23:42:51.451 [JavaFX Application Thread] DEBUG AudioPlayer          - Saving data to profile
23:42:51.452 [JavaFX Application Thread] DEBUG Bundle               - Logging bundle: audio
23:42:51.452 [JavaFX Application Thread] DEBUG Bundle               - audio.musicVolume=0.25
23:42:51.452 [JavaFX Application Thread] DEBUG Bundle               - audio.soundVolume=0.5
23:42:51.452 [JavaFX Application Thread] DEBUG Input                - Saving data to profile
23:42:51.452 [JavaFX Application Thread] DEBUG Bundle               - Logging bundle: input
23:42:51.452 [JavaFX Application Thread] DEBUG Bundle               - input.Move Right=D
23:42:51.452 [JavaFX Application Thread] DEBUG Bundle               - input.Move Up=W
23:42:51.452 [JavaFX Application Thread] DEBUG Bundle               - input.Toggle Advanced Stats=F3
23:42:51.452 [JavaFX Application Thread] DEBUG Bundle               - input.Move Left=A
23:42:51.453 [JavaFX Application Thread] DEBUG Bundle               - input.Move Down=S
23:42:51.459 [JavaFX Application Thread] DEBUG Bundle               - Logging bundle: gameplayStats
23:42:51.459 [JavaFX Application Thread] DEBUG Bundle               - gameplayStats.playtime=0
23:42:51.460 [JavaFX Application Thread] DEBUG AchievementManager   - Saving data to profile
23:42:51.460 [JavaFX Application Thread] DEBUG Bundle               - Logging bundle: achievement
23:42:51.461 [JavaFX Application Thread] INFO  FXGL                 - FXGL initialization took: 1,726 sec
23:42:51.461 [JavaFX Application Thread] DEBUG LoopRunner           - Starting loop
23:42:51.463 [JavaFX Application Thread] DEBUG StartupState         - STARTUP
23:42:51.463 [JavaFX Application Thread] DEBUG Input                - Clearing active input actions
23:42:51.464 [JavaFX Application Thread] DEBUG AssetLoader          - Loading from disk: /assets/ui/css/fxgl_dark.css
23:42:51.478 [JavaFX Application Thread] DEBUG AppStateMachine      - StartupState -> MainMenuState
23:42:51.485 [JavaFX Application Thread] DEBUG AssetLoader          - Loading from cache: /assets/properties/languages/english.properties
23:42:51.485 [JavaFX Application Thread] DEBUG AssetLoader          - Loading from cache: /assets/ui/fonts/VarelaRound-Regular.ttf
23:42:51.485 [JavaFX Application Thread] DEBUG AssetLoader          - Loading from cache: /assets/properties/languages/english.properties
23:42:51.486 [JavaFX Application Thread] DEBUG AssetLoader          - Loading from cache: /assets/ui/fonts/VarelaRound-Regular.ttf
23:42:51.486 [JavaFX Application Thread] DEBUG AssetLoader          - Loading from cache: /assets/properties/languages/english.properties
23:42:51.486 [JavaFX Application Thread] DEBUG AssetLoader          - Loading from cache: /assets/ui/fonts/VarelaRound-Regular.ttf
23:42:51.489 [JavaFX Application Thread] DEBUG SaveLoadManager      - Checking profiles dir: profiles/
23:42:51.489 [JavaFX Application Thread] DEBUG SaveLoadManager      - Loading profile names
23:42:51.491 [JavaFX Application Thread] DEBUG AssetLoader          - Loading from cache: /assets/properties/languages/english.properties
23:42:51.492 [JavaFX Application Thread] DEBUG AssetLoader          - Loading from cache: /assets/ui/fonts/VarelaRound-Regular.ttf
23:42:51.493 [JavaFX Application Thread] DEBUG AssetLoader          - Loading from cache: /assets/ui/fonts/VarelaRound-Regular.ttf
23:42:51.494 [JavaFX Application Thread] DEBUG AppStateMachine      - Push state: DialogSubState
23:42:51.494 [JavaFX Application Thread] DEBUG Input                - Clearing active input actions
23:42:51.494 [JavaFX Application Thread] DEBUG AppStateMachine      - MainMenuState -> DialogSubState
23:42:51.641 [JavaFX Application Thread] DEBUG AppStateMachine      - Pop state: DialogSubState
23:42:51.641 [JavaFX Application Thread] DEBUG Input                - Clearing active input actions
23:42:51.642 [JavaFX Application Thread] DEBUG AppStateMachine      - MainMenuState <- DialogSubState
23:42:51.643 [JavaFX Application Thread] DEBUG AssetLoader          - Loading from cache: /assets/properties/languages/english.properties
23:42:51.643 [JavaFX Application Thread] DEBUG AssetLoader          - Loading from cache: /assets/ui/fonts/VarelaRound-Regular.ttf
23:42:51.644 [JavaFX Application Thread] DEBUG AssetLoader          - Loading from cache: /assets/ui/fonts/VarelaRound-Regular.ttf
23:42:51.644 [JavaFX Application Thread] DEBUG AppStateMachine      - Push state: DialogSubState
23:42:51.644 [JavaFX Application Thread] DEBUG Input                - Clearing active input actions
23:42:51.645 [JavaFX Application Thread] DEBUG AppStateMachine      - MainMenuState -> DialogSubState
23:42:52.415 [JavaFX Application Thread] DEBUG AppStateMachine      - Pop state: DialogSubState
23:42:52.415 [JavaFX Application Thread] DEBUG Input                - Clearing active input actions
23:42:52.416 [JavaFX Application Thread] DEBUG AppStateMachine      - MainMenuState <- DialogSubState
23:42:52.416 [JavaFX Application Thread] DEBUG SaveLoadManager      - Loading profile: cheater
23:42:52.417 [JavaFX Application Thread] DEBUG AssetLoader          - Loading from cache: /assets/properties/languages/english.properties
23:42:52.417 [JavaFX Application Thread] DEBUG AssetLoader          - Loading from cache: /assets/ui/fonts/VarelaRound-Regular.ttf
23:42:52.417 [JavaFX Application Thread] DEBUG AssetLoader          - Loading from cache: /assets/ui/fonts/VarelaRound-Regular.ttf
23:42:52.418 [JavaFX Application Thread] DEBUG AppStateMachine      - Push state: DialogSubState
23:42:52.418 [JavaFX Application Thread] DEBUG Input                - Clearing active input actions
23:42:52.418 [JavaFX Application Thread] DEBUG AppStateMachine      - MainMenuState -> DialogSubState
23:42:52.419 [FXGL Background Thread 1 ] DEBUG DesktopFSService     - Reading from: .\profiles\cheater\user.profile
23:42:52.437 [JavaFX Application Thread] DEBUG AppStateMachine      - Pop state: DialogSubState
23:42:52.437 [JavaFX Application Thread] DEBUG Input                - Clearing active input actions
23:42:52.438 [JavaFX Application Thread] DEBUG AppStateMachine      - MainMenuState <- DialogSubState
23:42:52.438 [JavaFX Application Thread] DEBUG EventBus             - Firing event: LoadEvent[type=LOAD_PROFILE]
23:42:52.438 [JavaFX Application Thread] DEBUG AudioPlayer          - Loading data from profile
23:42:52.438 [JavaFX Application Thread] DEBUG Bundle               - Logging bundle: audio
23:42:52.438 [JavaFX Application Thread] DEBUG Bundle               - audio.musicVolume=0.053278688524590154
23:42:52.438 [JavaFX Application Thread] DEBUG Bundle               - audio.soundVolume=0.5
23:42:52.438 [JavaFX Application Thread] DEBUG Input                - Loading data from profile
23:42:52.439 [JavaFX Application Thread] DEBUG Bundle               - Logging bundle: input
23:42:52.439 [JavaFX Application Thread] DEBUG Bundle               - input.Move Right=D
23:42:52.439 [JavaFX Application Thread] DEBUG Bundle               - input.ToggleSlowMotion=7
23:42:52.442 [JavaFX Application Thread] DEBUG Bundle               - input.SpeedDown=5
23:42:52.442 [JavaFX Application Thread] DEBUG Bundle               - input.ToggleInvincibility=6
23:42:52.442 [JavaFX Application Thread] DEBUG Bundle               - input.Move Up=W
23:42:52.442 [JavaFX Application Thread] DEBUG Bundle               - input.IncrementCoins=1
23:42:52.443 [JavaFX Application Thread] DEBUG Bundle               - input.ToggleCoins=3
23:42:52.443 [JavaFX Application Thread] DEBUG Bundle               - input.Move Left=A
23:42:52.443 [JavaFX Application Thread] DEBUG Bundle               - input.Toggle Cheat Allowed=B
23:42:52.443 [JavaFX Application Thread] DEBUG Bundle               - input.SpeedUp=4
23:42:52.443 [JavaFX Application Thread] DEBUG Bundle               - input.Toggle Advanced Stats=F3
23:42:52.444 [JavaFX Application Thread] DEBUG Bundle               - input.Move Down=S
23:42:52.444 [JavaFX Application Thread] DEBUG Bundle               - input.DecrementCoins=2
23:42:52.445 [JavaFX Application Thread] DEBUG Bundle               - Logging bundle: gameplayStats
23:42:52.445 [JavaFX Application Thread] DEBUG Bundle               - gameplayStats.playtime=414949680129
23:42:52.445 [JavaFX Application Thread] DEBUG AchievementManager   - Loading data from profile
23:42:52.445 [JavaFX Application Thread] DEBUG Bundle               - Logging bundle: achievement
23:42:52.445 [JavaFX Application Thread] DEBUG AssetLoader          - Loading from cache: /assets/properties/languages/english.properties
23:42:52.446 [JavaFX Application Thread] DEBUG AssetLoader          - Loading from cache: /assets/ui/fonts/VarelaRound-Regular.ttf
23:42:52.446 [JavaFX Application Thread] DEBUG Input                - Registered new binding: Toggle Cheat Allowed - B
23:42:52.446 [JavaFX Application Thread] DEBUG Input                - Registered new binding: IncrementCoins - 1
23:42:52.447 [JavaFX Application Thread] DEBUG Input                - Registered new binding: DecrementCoins - 2
23:42:52.447 [JavaFX Application Thread] DEBUG Input                - Registered new binding: ToggleCoins - 3
23:42:52.450 [JavaFX Application Thread] DEBUG Input                - Registered new binding: SpeedUp - 4
23:42:52.450 [JavaFX Application Thread] DEBUG Input                - Registered new binding: SpeedDown - 5
23:42:52.450 [JavaFX Application Thread] DEBUG Input                - Registered new binding: ToggleInvincibility - 6
23:42:52.450 [JavaFX Application Thread] DEBUG Input                - Registered new binding: ToggleSlowMotion - 7
23:42:52.451 [JavaFX Application Thread] DEBUG AssetLoader          - Loading from cache: /assets/ui/fonts/VarelaRound-Regular.ttf
23:42:52.452 [JavaFX Application Thread] DEBUG AssetLoader          - Loading from cache: /assets/ui/fonts/VarelaRound-Regular.ttf
23:42:52.452 [JavaFX Application Thread] DEBUG AssetLoader          - Loading from cache: /assets/properties/languages/english.properties
23:42:52.452 [JavaFX Application Thread] DEBUG AssetLoader          - Loading from cache: /assets/ui/fonts/VarelaRound-Regular.ttf
23:42:52.453 [JavaFX Application Thread] DEBUG AssetLoader          - Loading from cache: /assets/ui/fonts/VarelaRound-Regular.ttf
23:42:52.453 [JavaFX Application Thread] DEBUG AssetLoader          - Loading from cache: /assets/ui/fonts/VarelaRound-Regular.ttf
23:42:52.453 [JavaFX Application Thread] DEBUG SaveLoadManager      - Loading last modified save file
23:42:52.453 [JavaFX Application Thread] DEBUG SaveLoadManager      - Loading save files
23:42:52.456 [JavaFX Application Thread] DEBUG AssetLoader          - Loading from cache: /assets/properties/languages/english.properties
23:42:52.456 [JavaFX Application Thread] DEBUG AssetLoader          - Loading from cache: /assets/ui/fonts/VarelaRound-Regular.ttf
23:42:52.456 [JavaFX Application Thread] DEBUG AssetLoader          - Loading from cache: /assets/ui/fonts/VarelaRound-Regular.ttf
23:42:52.457 [JavaFX Application Thread] DEBUG AppStateMachine      - Push state: DialogSubState
23:42:52.457 [JavaFX Application Thread] DEBUG Input                - Clearing active input actions
23:42:52.457 [JavaFX Application Thread] DEBUG AppStateMachine      - MainMenuState -> DialogSubState
23:42:52.467 [JavaFX Application Thread] DEBUG AppStateMachine      - Pop state: DialogSubState
23:42:52.468 [JavaFX Application Thread] DEBUG Input                - Clearing active input actions
23:42:52.468 [JavaFX Application Thread] DEBUG AppStateMachine      - MainMenuState <- DialogSubState
23:42:52.935 [JavaFX Application Thread] DEBUG AssetLoader          - Loading from cache: /assets/sounds/menu/select.wav
23:42:52.985 [JavaFX Application Thread] DEBUG AssetLoader          - Loading from cache: /assets/sounds/menu/select.wav
23:42:53.067 [JavaFX Application Thread] DEBUG AssetLoader          - Loading from cache: /assets/sounds/menu/select.wav
23:42:53.158 [JavaFX Application Thread] DEBUG AssetLoader          - Loading from cache: /assets/sounds/menu/select.wav
23:42:53.185 [JavaFX Application Thread] DEBUG AssetLoader          - Loading from cache: /assets/sounds/menu/select.wav
23:42:53.191 [JavaFX Application Thread] DEBUG AssetLoader          - Loading from cache: /assets/sounds/menu/select.wav
23:42:53.251 [JavaFX Application Thread] DEBUG AssetLoader          - Loading from cache: /assets/sounds/menu/select.wav
23:42:53.271 [JavaFX Application Thread] DEBUG AssetLoader          - Loading from cache: /assets/sounds/menu/select.wav
23:42:53.288 [JavaFX Application Thread] DEBUG AssetLoader          - Loading from cache: /assets/sounds/menu/select.wav
23:42:53.368 [JavaFX Application Thread] DEBUG AssetLoader          - Loading from cache: /assets/sounds/menu/select.wav
23:42:53.401 [JavaFX Application Thread] DEBUG AssetLoader          - Loading from cache: /assets/sounds/menu/select.wav
23:42:53.434 [JavaFX Application Thread] DEBUG AssetLoader          - Loading from cache: /assets/sounds/menu/select.wav
23:42:53.501 [JavaFX Application Thread] DEBUG AssetLoader          - Loading from cache: /assets/sounds/menu/select.wav
23:42:53.502 [JavaFX Application Thread] DEBUG AssetLoader          - Loading from cache: /assets/sounds/menu/select.wav
23:42:53.607 [JavaFX Application Thread] DEBUG AssetLoader          - Loading from cache: /assets/sounds/menu/select.wav
23:42:53.635 [JavaFX Application Thread] DEBUG AssetLoader          - Loading from cache: /assets/sounds/menu/select.wav
23:42:54.101 [JavaFX Application Thread] DEBUG AssetLoader          - Loading from cache: /assets/sounds/menu/select.wav
23:42:54.584 [JavaFX Application Thread] DEBUG AssetLoader          - Loading from cache: /assets/sounds/menu/select.wav
23:42:56.017 [JavaFX Application Thread] DEBUG AssetLoader          - Loading from cache: /assets/sounds/menu/select.wav
23:43:02.282 [JavaFX Application Thread] DEBUG FXGL.Menu            - fireNewGame()
23:43:02.282 [JavaFX Application Thread] DEBUG GameApplication      - Starting new game
23:43:02.282 [JavaFX Application Thread] DEBUG Input                - Clearing active input actions
23:43:02.283 [JavaFX Application Thread] DEBUG AssetLoader          - Loading from disk: /assets/ui/css/fxgl_dark.css
23:43:02.295 [JavaFX Application Thread] DEBUG AppStateMachine      - MainMenuState -> LoadingState
23:43:02.300 [FXGL Background Thread 1 ] DEBUG InitAppTask          - Clearing previous game
23:43:02.300 [FXGL Background Thread 1 ] DEBUG GameWorld            - Clearing game world
23:43:02.301 [FXGL Background Thread 1 ] DEBUG PhysicsWorld         - Clearing physics world
23:43:02.301 [FXGL Background Thread 1 ] DEBUG GameScene            - Clearing game scene
23:43:02.302 [FXGL Background Thread 1 ] DEBUG InitAppTask          - Initializing Game
23:43:02.303 [FXGL Background Thread 1 ] DEBUG AudioPlayer          - Resuming music com.almasb.fxgl.audio.Music@9133029
23:43:02.304 [FXGL Background Thread 1 ] DEBUG AudioPlayer          - Stopping music com.almasb.fxgl.audio.Music@9133029
23:43:02.348 [FXGL Background Thread 1 ] DEBUG AudioPlayer          - Stopping music com.almasb.fxgl.audio.Music@722becf0
23:43:02.385 [FXGL Background Thread 1 ] DEBUG AssetLoader          - Loading from cache: /assets/music/field_of_hopes.mp3
23:43:02.385 [FXGL Background Thread 1 ] DEBUG AudioPlayer          - Playing music com.almasb.fxgl.audio.Music@9133029
23:43:02.413 [FXGL Background Thread 1 ] DEBUG AssetLoader          - Loading from disk: /assets/textures/IceCream2.png
23:43:02.418 [FXGL Background Thread 1 ] DEBUG GameScene            - Creating render group for layer: DEFAULT(100000)
23:43:02.420 [FXGL Background Thread 1 ] DEBUG AssetLoader          - Loading from cache: /assets/textures/IceCream2.png
23:43:02.421 [FXGL Background Thread 1 ] DEBUG AssetLoader          - Loading from cache: /assets/textures/IceCream2.png
23:43:02.421 [FXGL Background Thread 1 ] DEBUG AssetLoader          - Loading from cache: /assets/textures/IceCream2.png
23:43:02.425 [FXGL Background Thread 1 ] DEBUG AssetLoader          - Loading from cache: /assets/textures/IceCream2.png
23:43:02.425 [FXGL Background Thread 1 ] DEBUG InitAppTask          - Initializing Physics
23:43:02.426 [FXGL Background Thread 1 ] DEBUG InitAppTask          - Initializing UI
23:43:02.426 [FXGL Background Thread 1 ] DEBUG AssetLoader          - Loading from disk: /assets/textures/GameBackground.png
23:43:02.439 [FXGL Background Thread 1 ] DEBUG AssetLoader          - Loading from disk: /assets/ui/cursors/CursorIceCream.png
23:43:02.449 [FXGL Background Thread 1 ] DEBUG InitAppTask          - Initialization Complete
23:43:02.449 [FXGL Background Thread 1 ] INFO  InitAppTask          - Game initialization took: 0,149 sec
23:43:02.460 [JavaFX Application Thread] DEBUG Input                - Clearing active input actions
23:43:02.460 [JavaFX Application Thread] DEBUG AssetLoader          - Loading from disk: /assets/ui/css/fxgl_dark.css
23:43:02.466 [JavaFX Application Thread] DEBUG AppStateMachine      - LoadingState -> PlayState
23:43:02.480 [JavaFX Application Thread] DEBUG AudioPlayer          - Stopping music com.almasb.fxgl.audio.Music@722becf0
23:43:02.508 [JavaFX Application Thread] DEBUG GameScene            - Creating render group for layer: NoName(1)
23:43:02.509 [JavaFX Application Thread] DEBUG AssetLoader          - Loading from disk: /assets/textures/IceCreamRed.png
23:43:02.572 [JavaFX Application Thread] DEBUG AssetLoader          - Loading from cache: /assets/textures/IceCreamRed.png
23:43:02.621 [JavaFX Application Thread] DEBUG AssetLoader          - Loading from disk: /assets/textures/IceCreamOrange.png
23:43:02.685 [JavaFX Application Thread] DEBUG AssetLoader          - Loading from cache: /assets/textures/IceCreamOrange.png
23:43:02.686 [JavaFX Application Thread] DEBUG AssetLoader          - Loading from cache: /assets/textures/IceCreamOrange.png
23:43:02.733 [JavaFX Application Thread] DEBUG AssetLoader          - Loading from disk: /assets/textures/IceCreamYellow.png
23:43:02.735 [JavaFX Application Thread] DEBUG AssetLoader          - Loading from cache: /assets/textures/IceCreamYellow.png
23:43:02.815 [JavaFX Application Thread] DEBUG AssetLoader          - Loading from cache: /assets/textures/IceCreamYellow.png
23:43:02.817 [JavaFX Application Thread] DEBUG AssetLoader          - Loading from cache: /assets/textures/IceCreamYellow.png
23:43:02.877 [JavaFX Application Thread] DEBUG AssetLoader          - Loading from disk: /assets/textures/IceCreamGreen.png
23:43:02.878 [JavaFX Application Thread] DEBUG AssetLoader          - Loading from cache: /assets/textures/IceCreamGreen.png
23:43:02.942 [JavaFX Application Thread] DEBUG AssetLoader          - Loading from cache: /assets/textures/IceCreamGreen.png
23:43:02.943 [JavaFX Application Thread] DEBUG AssetLoader          - Loading from cache: /assets/textures/IceCreamGreen.png
23:43:02.988 [JavaFX Application Thread] DEBUG AssetLoader          - Loading from disk: /assets/textures/IceCreamBlue.png
23:43:03.036 [JavaFX Application Thread] DEBUG AssetLoader          - Loading from cache: /assets/textures/IceCreamBlue.png
23:43:03.085 [JavaFX Application Thread] DEBUG AssetLoader          - Loading from disk: /assets/textures/IceCreamAnil.png
23:43:03.134 [JavaFX Application Thread] DEBUG AssetLoader          - Loading from cache: /assets/textures/IceCreamAnil.png
23:43:03.199 [JavaFX Application Thread] DEBUG AssetLoader          - Loading from disk: /assets/textures/IceCreamPink.png
23:43:03.244 [JavaFX Application Thread] DEBUG AssetLoader          - Loading from cache: /assets/textures/IceCreamPink.png
23:43:03.292 [JavaFX Application Thread] DEBUG AssetLoader          - Loading from cache: /assets/textures/IceCreamRed.png
23:43:03.340 [JavaFX Application Thread] DEBUG AssetLoader          - Loading from cache: /assets/textures/IceCreamRed.png
23:43:03.388 [JavaFX Application Thread] DEBUG AssetLoader          - Loading from cache: /assets/textures/IceCreamOrange.png
23:43:03.389 [JavaFX Application Thread] DEBUG AssetLoader          - Loading from cache: /assets/textures/IceCreamOrange.png
23:43:03.436 [JavaFX Application Thread] DEBUG AssetLoader          - Loading from cache: /assets/textures/IceCreamOrange.png
23:43:03.437 [JavaFX Application Thread] DEBUG AssetLoader          - Loading from cache: /assets/textures/IceCreamOrange.png
23:43:03.452 [JavaFX Application Thread] DEBUG AssetLoader          - Loading from disk: /assets/textures/Cherry.png
23:43:03.502 [JavaFX Application Thread] DEBUG AssetLoader          - Loading from cache: /assets/textures/IceCreamYellow.png
23:43:03.502 [JavaFX Application Thread] DEBUG AssetLoader          - Loading from cache: /assets/textures/IceCreamYellow.png
23:43:03.565 [JavaFX Application Thread] DEBUG AssetLoader          - Loading from cache: /assets/textures/IceCreamYellow.png
23:43:03.566 [JavaFX Application Thread] DEBUG AssetLoader          - Loading from cache: /assets/textures/IceCreamYellow.png
23:43:03.644 [JavaFX Application Thread] DEBUG AssetLoader          - Loading from cache: /assets/textures/IceCreamGreen.png
23:43:03.645 [JavaFX Application Thread] DEBUG AssetLoader          - Loading from cache: /assets/textures/IceCreamGreen.png
23:43:03.708 [JavaFX Application Thread] DEBUG AssetLoader          - Loading from cache: /assets/textures/IceCreamGreen.png
23:43:03.709 [JavaFX Application Thread] DEBUG AssetLoader          - Loading from cache: /assets/textures/IceCreamGreen.png
23:43:03.772 [JavaFX Application Thread] DEBUG AssetLoader          - Loading from cache: /assets/textures/IceCreamBlue.png
23:43:03.773 [JavaFX Application Thread] DEBUG AssetLoader          - Loading from cache: /assets/textures/IceCreamBlue.png
23:43:03.836 [JavaFX Application Thread] DEBUG AssetLoader          - Loading from cache: /assets/textures/IceCreamBlue.png
23:43:03.837 [JavaFX Application Thread] DEBUG AssetLoader          - Loading from cache: /assets/textures/IceCreamBlue.png
23:43:03.901 [JavaFX Application Thread] DEBUG AssetLoader          - Loading from cache: /assets/textures/IceCreamAnil.png
23:43:03.902 [JavaFX Application Thread] DEBUG AssetLoader          - Loading from cache: /assets/textures/IceCreamAnil.png
23:43:03.965 [JavaFX Application Thread] DEBUG AssetLoader          - Loading from cache: /assets/textures/IceCreamAnil.png
23:43:03.966 [JavaFX Application Thread] DEBUG AssetLoader          - Loading from cache: /assets/textures/IceCreamAnil.png
23:43:04.044 [JavaFX Application Thread] DEBUG AssetLoader          - Loading from cache: /assets/textures/IceCreamPink.png
23:43:04.045 [JavaFX Application Thread] DEBUG AssetLoader          - Loading from cache: /assets/textures/IceCreamPink.png
23:43:04.108 [JavaFX Application Thread] DEBUG AssetLoader          - Loading from cache: /assets/textures/IceCreamPink.png
23:43:04.109 [JavaFX Application Thread] DEBUG AssetLoader          - Loading from cache: /assets/textures/IceCreamPink.png
23:43:04.172 [JavaFX Application Thread] DEBUG AssetLoader          - Loading from cache: /assets/textures/IceCreamRed.png
23:43:04.173 [JavaFX Application Thread] DEBUG AssetLoader          - Loading from cache: /assets/textures/IceCreamRed.png
23:43:04.582 [JavaFX Application Thread] DEBUG AssetLoader          - Loading from cache: /assets/textures/IceCreamRed.png
23:43:04.583 [JavaFX Application Thread] DEBUG AssetLoader          - Loading from cache: /assets/textures/IceCreamRed.png
23:43:04.620 [JavaFX Application Thread] DEBUG AssetLoader          - Loading from cache: /assets/textures/IceCreamOrange.png
23:43:04.621 [JavaFX Application Thread] DEBUG AssetLoader          - Loading from cache: /assets/textures/IceCreamOrange.png
23:43:04.669 [JavaFX Application Thread] DEBUG AssetLoader          - Loading from cache: /assets/textures/IceCreamOrange.png
23:43:04.669 [JavaFX Application Thread] DEBUG AssetLoader          - Loading from cache: /assets/textures/IceCreamOrange.png
23:43:04.717 [JavaFX Application Thread] DEBUG AssetLoader          - Loading from cache: /assets/textures/IceCreamYellow.png
23:43:04.718 [JavaFX Application Thread] DEBUG AssetLoader          - Loading from cache: /assets/textures/IceCreamYellow.png
23:43:04.748 [JavaFX Application Thread] DEBUG AssetLoader          - Loading from cache: /assets/textures/Cherry.png
23:43:04.749 [JavaFX Application Thread] DEBUG AssetLoader          - Loading from disk: /assets/textures/DustCloud.png
23:43:04.768 [JavaFX Application Thread] DEBUG GameScene            - Creating render group for layer: NoName(2)
23:43:04.782 [JavaFX Application Thread] DEBUG AssetLoader          - Loading from cache: /assets/textures/IceCreamYellow.png
23:43:04.782 [JavaFX Application Thread] DEBUG AssetLoader          - Loading from cache: /assets/textures/IceCreamYellow.png
23:43:04.828 [JavaFX Application Thread] DEBUG AssetLoader          - Loading from cache: /assets/textures/IceCreamGreen.png
23:43:04.829 [JavaFX Application Thread] DEBUG AssetLoader          - Loading from cache: /assets/textures/IceCreamGreen.png
23:43:04.877 [JavaFX Application Thread] DEBUG AssetLoader          - Loading from cache: /assets/textures/IceCreamGreen.png
23:43:04.877 [JavaFX Application Thread] DEBUG AssetLoader          - Loading from cache: /assets/textures/IceCreamGreen.png
23:43:04.879 [JavaFX Application Thread] DEBUG AudioPlayer          - Stopping music com.almasb.fxgl.audio.Music@9133029
23:43:04.905 [JavaFX Application Thread] DEBUG AssetLoader          - Loading from disk: /assets/textures/IceCreamCrying.png
23:43:05.197 [JavaFX Application Thread] DEBUG AssetLoader          - Loading from cache: /assets/textures/IceCreamBlue.png
23:43:05.200 [JavaFX Application Thread] DEBUG AssetLoader          - Loading from cache: /assets/textures/IceCreamBlue.png
23:43:05.599 [JavaFX Application Thread] DEBUG AssetLoader          - Loading from cache: /assets/textures/DustCloud.png
23:43:07.452 [JavaFX Application Thread] DEBUG AssetLoader          - Loading from cache: /assets/textures/IceCreamBlue.png
23:43:07.453 [JavaFX Application Thread] DEBUG AssetLoader          - Loading from cache: /assets/textures/IceCreamBlue.png
23:43:07.601 [JavaFX Application Thread] DEBUG AssetLoader          - Loading from disk: /assets/textures/IceCreamDialog.png
23:43:07.607 [JavaFX Application Thread] DEBUG AssetLoader          - Loading from cache: /assets/ui/fonts/VarelaRound-Regular.ttf
23:43:07.607 [JavaFX Application Thread] DEBUG AssetLoader          - Loading from cache: /assets/ui/fonts/VarelaRound-Regular.ttf
23:43:07.608 [JavaFX Application Thread] DEBUG AppStateMachine      - Push state: DialogSubState
23:43:07.608 [JavaFX Application Thread] DEBUG Input                - Clearing active input actions
23:43:07.608 [JavaFX Application Thread] DEBUG AppStateMachine      - PlayState -> DialogSubState
23:43:08.183 [JavaFX Application Thread] DEBUG AssetLoader          - Loading from cache: /assets/sounds/menu/select.wav
23:43:08.958 [JavaFX Application Thread] DEBUG AppStateMachine      - Pop state: DialogSubState
23:43:08.959 [JavaFX Application Thread] DEBUG Input                - Clearing active input actions
23:43:08.959 [JavaFX Application Thread] DEBUG AppStateMachine      - PlayState <- DialogSubState
23:43:08.959 [JavaFX Application Thread] DEBUG GameApplication      - Starting new game
23:43:08.959 [JavaFX Application Thread] DEBUG Input                - Clearing active input actions
23:43:08.963 [JavaFX Application Thread] DEBUG AppStateMachine      - PlayState -> LoadingState
23:43:08.964 [FXGL Background Thread 1 ] DEBUG InitAppTask          - Clearing previous game
23:43:08.964 [FXGL Background Thread 1 ] DEBUG GameWorld            - Clearing game world
23:43:08.968 [FXGL Background Thread 1 ] DEBUG PhysicsWorld         - Clearing physics world
23:43:08.968 [FXGL Background Thread 1 ] DEBUG GameScene            - Clearing game scene
23:43:08.968 [FXGL Background Thread 1 ] DEBUG InitAppTask          - Initializing Game
23:43:08.968 [FXGL Background Thread 1 ] DEBUG AudioPlayer          - Resuming music com.almasb.fxgl.audio.Music@9133029
23:43:08.968 [FXGL Background Thread 1 ] DEBUG AudioPlayer          - Stopping music com.almasb.fxgl.audio.Music@9133029
23:43:08.996 [FXGL Background Thread 1 ] DEBUG AudioPlayer          - Stopping music com.almasb.fxgl.audio.Music@722becf0
23:43:08.997 [FXGL Background Thread 1 ] DEBUG AssetLoader          - Loading from cache: /assets/music/field_of_hopes.mp3
23:43:08.997 [FXGL Background Thread 1 ] DEBUG AudioPlayer          - Playing music com.almasb.fxgl.audio.Music@9133029
23:43:08.997 [FXGL Background Thread 1 ] DEBUG AssetLoader          - Loading from cache: /assets/textures/IceCream2.png
23:43:08.998 [FXGL Background Thread 1 ] DEBUG GameScene            - Creating render group for layer: DEFAULT(100000)
23:43:08.998 [FXGL Background Thread 1 ] DEBUG AssetLoader          - Loading from cache: /assets/textures/IceCream2.png
23:43:08.998 [FXGL Background Thread 1 ] DEBUG AssetLoader          - Loading from cache: /assets/textures/IceCream2.png
23:43:08.999 [FXGL Background Thread 1 ] DEBUG AssetLoader          - Loading from cache: /assets/textures/IceCream2.png
23:43:09.000 [FXGL Background Thread 1 ] DEBUG AssetLoader          - Loading from cache: /assets/textures/IceCream2.png
23:43:09.000 [FXGL Background Thread 1 ] DEBUG InitAppTask          - Initializing Physics
23:43:09.000 [FXGL Background Thread 1 ] DEBUG InitAppTask          - Initializing UI
23:43:09.000 [FXGL Background Thread 1 ] DEBUG AssetLoader          - Loading from cache: /assets/textures/GameBackground.png
23:43:09.000 [FXGL Background Thread 1 ] DEBUG AssetLoader          - Loading from disk: /assets/ui/cursors/CursorIceCream.png
23:43:09.010 [FXGL Background Thread 1 ] DEBUG InitAppTask          - Initialization Complete
23:43:09.011 [FXGL Background Thread 1 ] INFO  InitAppTask          - Game initialization took: 0,046 sec
23:43:09.020 [JavaFX Application Thread] DEBUG Input                - Clearing active input actions
23:43:09.024 [JavaFX Application Thread] DEBUG AppStateMachine      - LoadingState -> PlayState
23:43:09.036 [JavaFX Application Thread] DEBUG GameScene            - Creating render group for layer: NoName(1)
23:43:09.036 [JavaFX Application Thread] DEBUG AssetLoader          - Loading from cache: /assets/textures/IceCreamAnil.png
23:43:09.100 [JavaFX Application Thread] DEBUG AssetLoader          - Loading from cache: /assets/textures/IceCreamAnil.png
23:43:09.149 [JavaFX Application Thread] DEBUG AssetLoader          - Loading from cache: /assets/textures/IceCreamPink.png
23:43:09.229 [JavaFX Application Thread] DEBUG AssetLoader          - Loading from cache: /assets/textures/IceCreamPink.png
23:43:09.231 [JavaFX Application Thread] DEBUG AssetLoader          - Loading from cache: /assets/textures/IceCreamPink.png
23:43:09.276 [JavaFX Application Thread] DEBUG AssetLoader          - Loading from cache: /assets/textures/IceCreamRed.png
23:43:09.276 [JavaFX Application Thread] DEBUG AssetLoader          - Loading from cache: /assets/textures/IceCreamRed.png
23:43:09.340 [JavaFX Application Thread] DEBUG AssetLoader          - Loading from cache: /assets/textures/IceCreamRed.png
23:43:09.341 [JavaFX Application Thread] DEBUG AssetLoader          - Loading from cache: /assets/textures/IceCreamRed.png
23:43:09.404 [JavaFX Application Thread] DEBUG AssetLoader          - Loading from cache: /assets/textures/IceCreamOrange.png
23:43:09.405 [JavaFX Application Thread] DEBUG AssetLoader          - Loading from cache: /assets/textures/IceCreamOrange.png
23:43:09.468 [JavaFX Application Thread] DEBUG AssetLoader          - Loading from cache: /assets/textures/IceCreamOrange.png
23:43:09.468 [JavaFX Application Thread] DEBUG AssetLoader          - Loading from cache: /assets/textures/IceCreamOrange.png
23:43:09.517 [JavaFX Application Thread] DEBUG AssetLoader          - Loading from cache: /assets/textures/IceCreamYellow.png
23:43:09.517 [JavaFX Application Thread] DEBUG AssetLoader          - Loading from cache: /assets/textures/IceCreamYellow.png
23:43:09.565 [JavaFX Application Thread] DEBUG AssetLoader          - Loading from cache: /assets/textures/IceCreamYellow.png
23:43:09.565 [JavaFX Application Thread] DEBUG AssetLoader          - Loading from cache: /assets/textures/IceCreamYellow.png
23:43:09.629 [JavaFX Application Thread] DEBUG AssetLoader          - Loading from cache: /assets/textures/IceCreamGreen.png
23:43:09.631 [JavaFX Application Thread] DEBUG AssetLoader          - Loading from cache: /assets/textures/IceCreamGreen.png
23:43:09.676 [JavaFX Application Thread] DEBUG AssetLoader          - Loading from cache: /assets/textures/IceCreamGreen.png
23:43:09.677 [JavaFX Application Thread] DEBUG AssetLoader          - Loading from cache: /assets/textures/IceCreamGreen.png
23:43:09.724 [JavaFX Application Thread] DEBUG AssetLoader          - Loading from cache: /assets/textures/IceCreamBlue.png
23:43:09.725 [JavaFX Application Thread] DEBUG AssetLoader          - Loading from cache: /assets/textures/IceCreamBlue.png
23:43:09.772 [JavaFX Application Thread] DEBUG AssetLoader          - Loading from cache: /assets/textures/IceCreamBlue.png
23:43:09.772 [JavaFX Application Thread] DEBUG AssetLoader          - Loading from cache: /assets/textures/IceCreamBlue.png
23:43:09.820 [JavaFX Application Thread] DEBUG AssetLoader          - Loading from cache: /assets/textures/IceCreamAnil.png
23:43:09.821 [JavaFX Application Thread] DEBUG AssetLoader          - Loading from cache: /assets/textures/IceCreamAnil.png
23:43:09.868 [JavaFX Application Thread] DEBUG AssetLoader          - Loading from cache: /assets/textures/IceCreamAnil.png
23:43:09.868 [JavaFX Application Thread] DEBUG AssetLoader          - Loading from cache: /assets/textures/IceCreamAnil.png
23:43:09.916 [JavaFX Application Thread] DEBUG AssetLoader          - Loading from cache: /assets/textures/IceCreamPink.png
23:43:09.916 [JavaFX Application Thread] DEBUG AssetLoader          - Loading from cache: /assets/textures/IceCreamPink.png
23:43:09.965 [JavaFX Application Thread] DEBUG AssetLoader          - Loading from cache: /assets/textures/IceCreamPink.png
23:43:09.965 [JavaFX Application Thread] DEBUG AssetLoader          - Loading from cache: /assets/textures/IceCreamPink.png
23:43:09.981 [JavaFX Application Thread] DEBUG AssetLoader          - Loading from cache: /assets/textures/Cherry.png
23:43:10.044 [JavaFX Application Thread] DEBUG AssetLoader          - Loading from cache: /assets/textures/IceCreamRed.png
23:43:10.044 [JavaFX Application Thread] DEBUG AssetLoader          - Loading from cache: /assets/textures/IceCreamRed.png
23:43:10.108 [JavaFX Application Thread] DEBUG AssetLoader          - Loading from cache: /assets/textures/IceCreamRed.png
23:43:10.108 [JavaFX Application Thread] DEBUG AssetLoader          - Loading from cache: /assets/textures/IceCreamRed.png
23:43:10.172 [JavaFX Application Thread] DEBUG AssetLoader          - Loading from cache: /assets/textures/IceCreamOrange.png
23:43:10.172 [JavaFX Application Thread] DEBUG AssetLoader          - Loading from cache: /assets/textures/IceCreamOrange.png
23:43:10.180 [JavaFX Application Thread] DEBUG Input                - Clearing active input actions
23:43:10.181 [JavaFX Application Thread] DEBUG AssetLoader          - Loading from disk: /assets/ui/css/fxgl_dark.css
23:43:10.186 [JavaFX Application Thread] DEBUG AppStateMachine      - PlayState -> GameMenuState
23:43:10.190 [JavaFX Application Thread] DEBUG AudioPlayer          - Pausing music com.almasb.fxgl.audio.Music@9133029
23:43:10.267 [JavaFX Application Thread] DEBUG AudioPlayer          - Playing music com.almasb.fxgl.audio.Music@722becf0
23:43:10.697 [JavaFX Application Thread] DEBUG AssetLoader          - Loading from cache: /assets/sounds/menu/select.wav
23:43:17.995 [JavaFX Application Thread] DEBUG AssetLoader          - Loading from cache: /assets/sounds/menu/select.wav
23:43:18.345 [JavaFX Application Thread] DEBUG AssetLoader          - Loading from cache: /assets/sounds/menu/select.wav
23:43:21.399 [JavaFX Application Thread] DEBUG FXGL.Menu            - fireExitToMainMenu()
23:43:21.399 [JavaFX Application Thread] DEBUG AssetLoader          - Loading from cache: /assets/properties/languages/english.properties
23:43:21.399 [JavaFX Application Thread] DEBUG AssetLoader          - Loading from cache: /assets/properties/languages/english.properties
23:43:21.400 [JavaFX Application Thread] DEBUG AssetLoader          - Loading from cache: /assets/ui/fonts/VarelaRound-Regular.ttf
23:43:21.401 [JavaFX Application Thread] DEBUG AssetLoader          - Loading from cache: /assets/ui/fonts/VarelaRound-Regular.ttf
23:43:21.401 [JavaFX Application Thread] DEBUG AssetLoader          - Loading from cache: /assets/properties/languages/english.properties
23:43:21.401 [JavaFX Application Thread] DEBUG AssetLoader          - Loading from cache: /assets/ui/fonts/VarelaRound-Regular.ttf
23:43:21.401 [JavaFX Application Thread] DEBUG AssetLoader          - Loading from cache: /assets/properties/languages/english.properties
23:43:21.402 [JavaFX Application Thread] DEBUG AssetLoader          - Loading from cache: /assets/ui/fonts/VarelaRound-Regular.ttf
23:43:21.402 [JavaFX Application Thread] DEBUG AppStateMachine      - Push state: DialogSubState
23:43:21.402 [JavaFX Application Thread] DEBUG Input                - Clearing active input actions
23:43:21.402 [JavaFX Application Thread] DEBUG AppStateMachine      - GameMenuState -> DialogSubState
23:43:21.404 [JavaFX Application Thread] DEBUG AssetLoader          - Loading from cache: /assets/sounds/menu/press.wav
23:43:21.494 [JavaFX Application Thread] DEBUG AssetLoader          - Loading from cache: /assets/sounds/menu/select.wav
23:43:21.519 [JavaFX Application Thread] DEBUG AssetLoader          - Loading from cache: /assets/sounds/menu/select.wav
23:43:21.942 [JavaFX Application Thread] DEBUG AppStateMachine      - Pop state: DialogSubState
23:43:21.942 [JavaFX Application Thread] DEBUG Input                - Clearing active input actions
23:43:21.943 [JavaFX Application Thread] DEBUG AppStateMachine      - GameMenuState <- DialogSubState
23:43:21.943 [JavaFX Application Thread] DEBUG Input                - Clearing active input actions
23:43:21.949 [JavaFX Application Thread] DEBUG AppStateMachine      - GameMenuState -> MainMenuState
23:43:22.161 [JavaFX Application Thread] DEBUG AssetLoader          - Loading from cache: /assets/sounds/menu/select.wav
23:43:22.529 [JavaFX Application Thread] DEBUG FXGL.Menu            - fireExit()
23:43:22.530 [JavaFX Application Thread] DEBUG AssetLoader          - Loading from cache: /assets/properties/languages/english.properties
23:43:22.530 [JavaFX Application Thread] DEBUG AssetLoader          - Loading from cache: /assets/ui/fonts/VarelaRound-Regular.ttf
23:43:22.530 [JavaFX Application Thread] DEBUG AssetLoader          - Loading from cache: /assets/ui/fonts/VarelaRound-Regular.ttf
23:43:22.531 [JavaFX Application Thread] DEBUG AssetLoader          - Loading from cache: /assets/properties/languages/english.properties
23:43:22.531 [JavaFX Application Thread] DEBUG AssetLoader          - Loading from cache: /assets/ui/fonts/VarelaRound-Regular.ttf
23:43:22.531 [JavaFX Application Thread] DEBUG AssetLoader          - Loading from cache: /assets/properties/languages/english.properties
23:43:22.531 [JavaFX Application Thread] DEBUG AssetLoader          - Loading from cache: /assets/ui/fonts/VarelaRound-Regular.ttf
23:43:22.531 [JavaFX Application Thread] DEBUG AppStateMachine      - Push state: DialogSubState
23:43:22.531 [JavaFX Application Thread] DEBUG Input                - Clearing active input actions
23:43:22.531 [JavaFX Application Thread] DEBUG AppStateMachine      - MainMenuState -> DialogSubState
23:43:22.532 [JavaFX Application Thread] DEBUG AssetLoader          - Loading from cache: /assets/sounds/menu/press.wav
23:43:22.574 [JavaFX Application Thread] DEBUG AssetLoader          - Loading from cache: /assets/sounds/menu/select.wav
23:43:22.854 [JavaFX Application Thread] DEBUG AppStateMachine      - Pop state: DialogSubState
23:43:22.854 [JavaFX Application Thread] DEBUG Input                - Clearing active input actions
23:43:22.855 [JavaFX Application Thread] DEBUG AppStateMachine      - MainMenuState <- DialogSubState
23:43:22.855 [JavaFX Application Thread] DEBUG FXGL                 - Exiting FXGL
23:43:22.855 [JavaFX Application Thread] DEBUG MenuEventHandler     - Creating default profile
23:43:22.855 [JavaFX Application Thread] DEBUG EventBus             - Firing event: SaveEvent
23:43:22.855 [JavaFX Application Thread] DEBUG AudioPlayer          - Saving data to profile
23:43:22.855 [JavaFX Application Thread] DEBUG Bundle               - Logging bundle: audio
23:43:22.855 [JavaFX Application Thread] DEBUG Bundle               - audio.musicVolume=0.053278688524590154
23:43:22.855 [JavaFX Application Thread] DEBUG Bundle               - audio.soundVolume=0.5
23:43:22.855 [JavaFX Application Thread] DEBUG Input                - Saving data to profile
23:43:22.855 [JavaFX Application Thread] DEBUG Bundle               - Logging bundle: input
23:43:22.855 [JavaFX Application Thread] DEBUG Bundle               - input.Move Right=D
23:43:22.855 [JavaFX Application Thread] DEBUG Bundle               - input.ToggleSlowMotion=7
23:43:22.855 [JavaFX Application Thread] DEBUG Bundle               - input.SpeedDown=5
23:43:22.855 [JavaFX Application Thread] DEBUG Bundle               - input.ToggleInvincibility=6
23:43:22.855 [JavaFX Application Thread] DEBUG Bundle               - input.Move Up=W
23:43:22.855 [JavaFX Application Thread] DEBUG Bundle               - input.IncrementCoins=1
23:43:22.855 [JavaFX Application Thread] DEBUG Bundle               - input.ToggleCoins=3
23:43:22.855 [JavaFX Application Thread] DEBUG Bundle               - input.Move Left=A
23:43:22.855 [JavaFX Application Thread] DEBUG Bundle               - input.Toggle Cheat Allowed=B
23:43:22.855 [JavaFX Application Thread] DEBUG Bundle               - input.SpeedUp=4
23:43:22.855 [JavaFX Application Thread] DEBUG Bundle               - input.Toggle Advanced Stats=F3
23:43:22.855 [JavaFX Application Thread] DEBUG Bundle               - input.Move Down=S
23:43:22.855 [JavaFX Application Thread] DEBUG Bundle               - input.DecrementCoins=2
23:43:22.855 [JavaFX Application Thread] DEBUG Bundle               - Logging bundle: gameplayStats
23:43:22.855 [JavaFX Application Thread] DEBUG Bundle               - gameplayStats.playtime=421286414627
23:43:22.855 [JavaFX Application Thread] DEBUG AchievementManager   - Saving data to profile
23:43:22.855 [JavaFX Application Thread] DEBUG Bundle               - Logging bundle: achievement
23:43:22.855 [JavaFX Application Thread] DEBUG SaveLoadManager      - Saving profile: cheater
23:43:22.859 [JavaFX Application Thread] DEBUG DesktopFSService     - Writing to: .\profiles\cheater\user.profile
23:43:22.863 [JavaFX Application Thread] DEBUG FXGL                 - Shutting down background threads
23:43:22.863 [JavaFX Application Thread] DEBUG FXGL                 - Saving FXGL system data
23:43:22.865 [JavaFX Application Thread] DEBUG DesktopFSService     - Writing to: system\fxgl.bundle
23:43:22.867 [JavaFX Application Thread] DEBUG FXGL                 - Closing logger and exiting JavaFX
