23:42:00.677 [JavaFX Application Thread] DEBUG GameApplication      - Logger initialized
23:42:00.691 [JavaFX Application Thread] DEBUG GameApplication      - Logging settings
Title: Sorvetinho Adventures
Version: 1.0
Width: 900
Height: 900
Fullscreen: false
Intro: false
Menus: true
Profiling: false
Single step:false
App Mode: RELEASE
Menu Key: ESCAPE
Stage Style: DECORATED
Scene Factory: class jogozMenu.JogozSceneFactory
Dialog Factory: class com.almasb.fxgl.ui.FXGLDialogFactory
UI Factory: class com.almasb.fxgl.ui.FXGLUIFactory
Notification Service: class com.almasb.fxgl.gameplay.notification.XboxNotificationView
Exception Handler: class com.almasb.fxgl.app.FXGLExceptionHandler
23:42:00.691 [JavaFX Application Thread] DEBUG GameApplication      - Starting FXGL
23:42:00.700 [JavaFX Application Thread] INFO  FXGL                 - FXGL-0.5.4 on DESKTOP
23:42:00.700 [JavaFX Application Thread] INFO  FXGL                 - Source code and latest versions at: https://github.com/AlmasB/FXGL
23:42:00.700 [JavaFX Application Thread] INFO  FXGL                 -              Join the FXGL chat at: https://gitter.im/AlmasB/FXGL
23:42:00.701 [JavaFX Application Thread] DEBUG FXGL                 - FXGL started
23:42:00.701 [JavaFX Application Thread] DEBUG FXGL                 - Initializing FXGL
23:42:00.742 [JavaFX Application Thread] DEBUG AssetLoader          - Loading from disk: /assets/ui/cursors/fxgl_default.png
23:42:00.772 [JavaFX Application Thread] DEBUG AssetLoader          - Loading from disk: /assets/ui/fonts/VarelaRound-Regular.ttf
23:42:00.992 [JavaFX Application Thread] DEBUG MainWindow           - Creating a JavaFX scene
23:42:01.034 [JavaFX Application Thread] DEBUG MainWindow           - Target settings size: 900.0 x 900.0
23:42:01.034 [JavaFX Application Thread] DEBUG MainWindow           - Scaled scene size:    900.0 x 900.0
23:42:01.034 [JavaFX Application Thread] DEBUG MainWindow           - Scaled ratio: (1.0, 1.0)
23:42:01.036 [JavaFX Application Thread] DEBUG AssetLoader          - Loading from disk: /assets/ui/css/fxgl_dark.css
23:42:01.040 [JavaFX Application Thread] DEBUG AssetLoader          - Loading from disk: /assets/textures/fxgl_icon.png
23:42:01.055 [JavaFX Application Thread] DEBUG MainWindow           - Opening main window
23:42:01.388 [JavaFX Application Thread] DEBUG MainWindow           - Window border size: (6.0, 35.0)
23:42:01.389 [JavaFX Application Thread] DEBUG MainWindow           - Scaled size: 900.0 x 900.0
23:42:01.389 [JavaFX Application Thread] DEBUG MainWindow           - Scaled ratio: (1.0, 1.0)
23:42:01.389 [JavaFX Application Thread] DEBUG MainWindow           - Scene size: 900.0 x 900.0
23:42:01.389 [JavaFX Application Thread] DEBUG MainWindow           - Stage size: 906.0 x 935.0
23:42:01.433 [ForkJoinPool.commonPool-worker-1] DEBUG FS                   - Loaded DesktopFSService
23:42:01.433 [ForkJoinPool.commonPool-worker-1] DEBUG FXGL                 - Loading FXGL system data
23:42:01.440 [ForkJoinPool.commonPool-worker-1] DEBUG DesktopFSService     - Reading from: system\fxgl.bundle
23:42:01.456 [ForkJoinPool.commonPool-worker-1] DEBUG Bundle               - Logging bundle: FXGL
23:42:01.456 [ForkJoinPool.commonPool-worker-1] DEBUG Bundle               - FXGL.offline.timer.version.check=2018-11-30T10:24:56.478
23:42:01.457 [ForkJoinPool.commonPool-worker-1] DEBUG FXGL                 - Initializing state machine and application states
23:42:01.458 [ForkJoinPool.commonPool-worker-1] DEBUG AssetLoader          - Loading from disk: /assets/ui/cursors/fxgl_default.png
23:42:01.482 [ForkJoinPool.commonPool-worker-1] DEBUG AssetLoader          - Loading from disk: /assets/ui/cursors/fxgl_default.png
23:42:01.487 [ForkJoinPool.commonPool-worker-1] DEBUG AssetLoader          - Loading from cache: /assets/ui/fonts/VarelaRound-Regular.ttf
23:42:01.489 [ForkJoinPool.commonPool-worker-1] DEBUG AssetLoader          - Loading from disk: /assets/ui/cursors/fxgl_default.png
23:42:01.494 [ForkJoinPool.commonPool-worker-1] DEBUG GameScene            - Game scene initialized: 900x900
23:42:01.499 [ForkJoinPool.commonPool-worker-1] DEBUG GameWorld            - Game world initialized
23:42:01.554 [ForkJoinPool.commonPool-worker-1] DEBUG PhysicsWorld         - Physics world initialized: appHeight=900, physics.ppm=50,0
23:42:01.590 [ForkJoinPool.commonPool-worker-1] DEBUG AssetLoader          - Loading from disk: /assets/ui/cursors/fxgl_default.png
23:42:01.595 [ForkJoinPool.commonPool-worker-1] DEBUG AssetLoader          - Loading from disk: /assets/properties/languages/english.properties
23:42:01.596 [ForkJoinPool.commonPool-worker-1] DEBUG AssetLoader          - Loading from cache: /assets/ui/fonts/VarelaRound-Regular.ttf
23:42:01.596 [ForkJoinPool.commonPool-worker-1] DEBUG AssetLoader          - Loading from disk: /assets/textures/IceCreamBackground.png
23:42:01.626 [ForkJoinPool.commonPool-worker-1] DEBUG AssetLoader          - Loading from disk: /assets/textures/IceCreamLogo.png
23:42:01.631 [ForkJoinPool.commonPool-worker-1] DEBUG AssetLoader          - Loading from cache: /assets/ui/fonts/VarelaRound-Regular.ttf
23:42:01.632 [ForkJoinPool.commonPool-worker-1] DEBUG AssetLoader          - Loading from cache: /assets/ui/fonts/VarelaRound-Regular.ttf
23:42:01.716 [ForkJoinPool.commonPool-worker-1] DEBUG AssetLoader          - Loading from cache: /assets/music/battle.mp3
23:42:01.716 [ForkJoinPool.commonPool-worker-1] DEBUG AudioPlayer          - Playing music com.almasb.fxgl.audio.Music@55cf1da
23:42:01.718 [ForkJoinPool.commonPool-worker-1] DEBUG AssetLoader          - Loading from disk: /assets/ui/cursors/CursorIceCream.png
23:42:01.734 [ForkJoinPool.commonPool-worker-1] DEBUG FXGL.Menu            - createMenuBodyMainMenu()
23:42:01.746 [ForkJoinPool.commonPool-worker-1] DEBUG AssetLoader          - Loading from cache: /assets/ui/fonts/VarelaRound-Regular.ttf
23:42:01.749 [ForkJoinPool.commonPool-worker-1] DEBUG AssetLoader          - Loading from cache: /assets/properties/languages/english.properties
23:42:01.752 [ForkJoinPool.commonPool-worker-1] DEBUG AssetLoader          - Loading from cache: /assets/ui/fonts/VarelaRound-Regular.ttf
23:42:01.752 [ForkJoinPool.commonPool-worker-1] DEBUG AssetLoader          - Loading from cache: /assets/properties/languages/english.properties
23:42:01.752 [ForkJoinPool.commonPool-worker-1] DEBUG FXGL.Menu            - createOptionsMenu()
23:42:01.752 [ForkJoinPool.commonPool-worker-1] DEBUG AssetLoader          - Loading from cache: /assets/ui/fonts/VarelaRound-Regular.ttf
23:42:01.753 [ForkJoinPool.commonPool-worker-1] DEBUG AssetLoader          - Loading from cache: /assets/properties/languages/english.properties
23:42:01.755 [ForkJoinPool.commonPool-worker-1] DEBUG AssetLoader          - Loading from cache: /assets/ui/fonts/VarelaRound-Regular.ttf
23:42:01.755 [ForkJoinPool.commonPool-worker-1] DEBUG AssetLoader          - Loading from cache: /assets/properties/languages/english.properties
23:42:01.756 [ForkJoinPool.commonPool-worker-1] DEBUG AssetLoader          - Loading from cache: /assets/ui/fonts/VarelaRound-Regular.ttf
23:42:01.756 [ForkJoinPool.commonPool-worker-1] DEBUG AssetLoader          - Loading from cache: /assets/properties/languages/english.properties
23:42:01.757 [ForkJoinPool.commonPool-worker-1] DEBUG AssetLoader          - Loading from cache: /assets/ui/fonts/VarelaRound-Regular.ttf
23:42:01.757 [ForkJoinPool.commonPool-worker-1] DEBUG AssetLoader          - Loading from cache: /assets/properties/languages/english.properties
23:42:01.761 [ForkJoinPool.commonPool-worker-1] DEBUG AssetLoader          - Loading from cache: /assets/ui/fonts/VarelaRound-Regular.ttf
23:42:01.762 [ForkJoinPool.commonPool-worker-1] DEBUG AssetLoader          - Loading from cache: /assets/properties/languages/english.properties
23:42:01.762 [ForkJoinPool.commonPool-worker-1] DEBUG AssetLoader          - Loading from disk: /assets/textures/Cherry.png
23:42:01.822 [ForkJoinPool.commonPool-worker-1] DEBUG AssetLoader          - Loading from disk: /assets/ui/cursors/fxgl_default.png
23:42:01.823 [ForkJoinPool.commonPool-worker-1] DEBUG AssetLoader          - Loading from cache: /assets/properties/languages/english.properties
23:42:01.823 [ForkJoinPool.commonPool-worker-1] DEBUG AssetLoader          - Loading from cache: /assets/ui/fonts/VarelaRound-Regular.ttf
23:42:01.824 [ForkJoinPool.commonPool-worker-1] DEBUG AssetLoader          - Loading from cache: /assets/textures/IceCreamBackground.png
23:42:01.824 [ForkJoinPool.commonPool-worker-1] DEBUG AssetLoader          - Loading from cache: /assets/textures/IceCreamLogo.png
23:42:01.826 [ForkJoinPool.commonPool-worker-1] DEBUG AssetLoader          - Loading from cache: /assets/ui/fonts/VarelaRound-Regular.ttf
23:42:01.827 [ForkJoinPool.commonPool-worker-1] DEBUG AssetLoader          - Loading from cache: /assets/ui/fonts/VarelaRound-Regular.ttf
23:42:01.827 [ForkJoinPool.commonPool-worker-1] DEBUG AssetLoader          - Loading from cache: /assets/music/battle.mp3
23:42:01.827 [ForkJoinPool.commonPool-worker-1] DEBUG AssetLoader          - Loading from cache: /assets/music/field_of_hopes.mp3
23:42:01.827 [ForkJoinPool.commonPool-worker-1] DEBUG AssetLoader          - Loading from cache: /assets/music/battle.mp3
23:42:01.827 [ForkJoinPool.commonPool-worker-1] DEBUG AudioPlayer          - Playing music com.almasb.fxgl.audio.Music@55cf1da
23:42:01.827 [ForkJoinPool.commonPool-worker-1] DEBUG AssetLoader          - Loading from disk: /assets/ui/cursors/CursorIceCream.png
23:42:01.839 [ForkJoinPool.commonPool-worker-1] DEBUG FXGL.Menu            - createMenuBodyGameMenu()
23:42:01.839 [ForkJoinPool.commonPool-worker-1] DEBUG AssetLoader          - Loading from cache: /assets/ui/fonts/VarelaRound-Regular.ttf
23:42:01.839 [ForkJoinPool.commonPool-worker-1] DEBUG AssetLoader          - Loading from cache: /assets/properties/languages/english.properties
23:42:01.840 [ForkJoinPool.commonPool-worker-1] DEBUG AssetLoader          - Loading from cache: /assets/ui/fonts/VarelaRound-Regular.ttf
23:42:01.840 [ForkJoinPool.commonPool-worker-1] DEBUG AssetLoader          - Loading from cache: /assets/properties/languages/english.properties
23:42:01.840 [ForkJoinPool.commonPool-worker-1] DEBUG FXGL.Menu            - createOptionsMenu()
23:42:01.840 [ForkJoinPool.commonPool-worker-1] DEBUG AssetLoader          - Loading from cache: /assets/ui/fonts/VarelaRound-Regular.ttf
23:42:01.840 [ForkJoinPool.commonPool-worker-1] DEBUG AssetLoader          - Loading from cache: /assets/properties/languages/english.properties
23:42:01.841 [ForkJoinPool.commonPool-worker-1] DEBUG AssetLoader          - Loading from cache: /assets/ui/fonts/VarelaRound-Regular.ttf
23:42:01.841 [ForkJoinPool.commonPool-worker-1] DEBUG AssetLoader          - Loading from cache: /assets/properties/languages/english.properties
23:42:01.842 [ForkJoinPool.commonPool-worker-1] DEBUG AssetLoader          - Loading from cache: /assets/ui/fonts/VarelaRound-Regular.ttf
23:42:01.844 [ForkJoinPool.commonPool-worker-1] DEBUG AssetLoader          - Loading from cache: /assets/properties/languages/english.properties
23:42:01.845 [ForkJoinPool.commonPool-worker-1] DEBUG AssetLoader          - Loading from cache: /assets/ui/fonts/VarelaRound-Regular.ttf
23:42:01.845 [ForkJoinPool.commonPool-worker-1] DEBUG AssetLoader          - Loading from cache: /assets/properties/languages/english.properties
23:42:01.846 [ForkJoinPool.commonPool-worker-1] DEBUG AssetLoader          - Loading from cache: /assets/ui/fonts/VarelaRound-Regular.ttf
23:42:01.846 [ForkJoinPool.commonPool-worker-1] DEBUG AssetLoader          - Loading from cache: /assets/properties/languages/english.properties
23:42:01.846 [ForkJoinPool.commonPool-worker-1] DEBUG AssetLoader          - Loading from cache: /assets/textures/Cherry.png@128.0x128.0
23:42:01.949 [JavaFX Application Thread] DEBUG FXGL                 - Running preInit()
23:42:02.007 [JavaFX Application Thread] DEBUG Input                - Registered new binding: Screenshot - P
23:42:02.008 [JavaFX Application Thread] DEBUG Input                - Registered new binding: Dev Options - CTRL+0
23:42:02.008 [JavaFX Application Thread] DEBUG Input                - Registered new binding: System info dump - CTRL+9
23:42:02.008 [JavaFX Application Thread] DEBUG Input                - Registered new binding: Restart - CTRL+R
23:42:02.008 [JavaFX Application Thread] DEBUG Input                - Registered new binding: Move Right - D
23:42:02.008 [JavaFX Application Thread] DEBUG Input                - Registered new binding: Move Left - A
23:42:02.009 [JavaFX Application Thread] DEBUG Input                - Registered new binding: Move Up - W
23:42:02.009 [JavaFX Application Thread] DEBUG Input                - Registered new binding: Move Down - S
23:42:02.009 [JavaFX Application Thread] DEBUG Input                - Registered new binding: Toggle Advanced Stats - F3
23:42:02.009 [JavaFX Application Thread] DEBUG MenuEventHandler     - generateDefaultProfile()
23:42:02.009 [JavaFX Application Thread] DEBUG MenuEventHandler     - Creating default profile
23:42:02.010 [JavaFX Application Thread] DEBUG EventBus             - Firing event: SaveEvent
23:42:02.010 [JavaFX Application Thread] DEBUG AudioPlayer          - Saving data to profile
23:42:02.011 [JavaFX Application Thread] DEBUG Bundle               - Logging bundle: audio
23:42:02.011 [JavaFX Application Thread] DEBUG Bundle               - audio.musicVolume=0.25
23:42:02.011 [JavaFX Application Thread] DEBUG Bundle               - audio.soundVolume=0.5
23:42:02.011 [JavaFX Application Thread] DEBUG Input                - Saving data to profile
23:42:02.011 [JavaFX Application Thread] DEBUG Bundle               - Logging bundle: input
23:42:02.011 [JavaFX Application Thread] DEBUG Bundle               - input.Move Right=D
23:42:02.011 [JavaFX Application Thread] DEBUG Bundle               - input.Move Up=W
23:42:02.011 [JavaFX Application Thread] DEBUG Bundle               - input.Toggle Advanced Stats=F3
23:42:02.011 [JavaFX Application Thread] DEBUG Bundle               - input.Move Left=A
23:42:02.011 [JavaFX Application Thread] DEBUG Bundle               - input.Move Down=S
23:42:02.015 [JavaFX Application Thread] DEBUG Bundle               - Logging bundle: gameplayStats
23:42:02.016 [JavaFX Application Thread] DEBUG Bundle               - gameplayStats.playtime=0
23:42:02.017 [JavaFX Application Thread] DEBUG AchievementManager   - Saving data to profile
23:42:02.017 [JavaFX Application Thread] DEBUG Bundle               - Logging bundle: achievement
23:42:02.018 [JavaFX Application Thread] INFO  FXGL                 - FXGL initialization took: 1,316 sec
23:42:02.018 [JavaFX Application Thread] DEBUG LoopRunner           - Starting loop
23:42:02.019 [JavaFX Application Thread] DEBUG StartupState         - STARTUP
23:42:02.020 [JavaFX Application Thread] DEBUG Input                - Clearing active input actions
23:42:02.020 [JavaFX Application Thread] DEBUG AssetLoader          - Loading from disk: /assets/ui/css/fxgl_dark.css
23:42:02.033 [JavaFX Application Thread] DEBUG AppStateMachine      - StartupState -> MainMenuState
23:42:02.037 [JavaFX Application Thread] DEBUG AssetLoader          - Loading from cache: /assets/properties/languages/english.properties
23:42:02.037 [JavaFX Application Thread] DEBUG AssetLoader          - Loading from cache: /assets/ui/fonts/VarelaRound-Regular.ttf
23:42:02.038 [JavaFX Application Thread] DEBUG AssetLoader          - Loading from cache: /assets/properties/languages/english.properties
23:42:02.038 [JavaFX Application Thread] DEBUG AssetLoader          - Loading from cache: /assets/ui/fonts/VarelaRound-Regular.ttf
23:42:02.038 [JavaFX Application Thread] DEBUG AssetLoader          - Loading from cache: /assets/properties/languages/english.properties
23:42:02.038 [JavaFX Application Thread] DEBUG AssetLoader          - Loading from cache: /assets/ui/fonts/VarelaRound-Regular.ttf
23:42:02.041 [JavaFX Application Thread] DEBUG SaveLoadManager      - Checking profiles dir: profiles/
23:42:02.042 [JavaFX Application Thread] DEBUG SaveLoadManager      - Loading profile names
23:42:02.043 [JavaFX Application Thread] DEBUG AssetLoader          - Loading from cache: /assets/properties/languages/english.properties
23:42:02.044 [JavaFX Application Thread] DEBUG AssetLoader          - Loading from cache: /assets/ui/fonts/VarelaRound-Regular.ttf
23:42:02.045 [JavaFX Application Thread] DEBUG AssetLoader          - Loading from cache: /assets/ui/fonts/VarelaRound-Regular.ttf
23:42:02.046 [JavaFX Application Thread] DEBUG AppStateMachine      - Push state: DialogSubState
23:42:02.046 [JavaFX Application Thread] DEBUG Input                - Clearing active input actions
23:42:02.046 [JavaFX Application Thread] DEBUG AppStateMachine      - MainMenuState -> DialogSubState
23:42:02.155 [JavaFX Application Thread] DEBUG AppStateMachine      - Pop state: DialogSubState
23:42:02.155 [JavaFX Application Thread] DEBUG Input                - Clearing active input actions
23:42:02.156 [JavaFX Application Thread] DEBUG AppStateMachine      - MainMenuState <- DialogSubState
23:42:02.156 [JavaFX Application Thread] DEBUG AssetLoader          - Loading from cache: /assets/properties/languages/english.properties
23:42:02.157 [JavaFX Application Thread] DEBUG AssetLoader          - Loading from cache: /assets/ui/fonts/VarelaRound-Regular.ttf
23:42:02.158 [JavaFX Application Thread] DEBUG AssetLoader          - Loading from cache: /assets/ui/fonts/VarelaRound-Regular.ttf
23:42:02.158 [JavaFX Application Thread] DEBUG AppStateMachine      - Push state: DialogSubState
23:42:02.158 [JavaFX Application Thread] DEBUG Input                - Clearing active input actions
23:42:02.158 [JavaFX Application Thread] DEBUG AppStateMachine      - MainMenuState -> DialogSubState
23:42:02.967 [JavaFX Application Thread] DEBUG AppStateMachine      - Pop state: DialogSubState
23:42:02.967 [JavaFX Application Thread] DEBUG Input                - Clearing active input actions
23:42:02.968 [JavaFX Application Thread] DEBUG AppStateMachine      - MainMenuState <- DialogSubState
23:42:02.968 [JavaFX Application Thread] DEBUG SaveLoadManager      - Loading profile: cheater
23:42:02.969 [JavaFX Application Thread] DEBUG AssetLoader          - Loading from cache: /assets/properties/languages/english.properties
23:42:02.970 [JavaFX Application Thread] DEBUG AssetLoader          - Loading from cache: /assets/ui/fonts/VarelaRound-Regular.ttf
23:42:02.970 [JavaFX Application Thread] DEBUG AssetLoader          - Loading from cache: /assets/ui/fonts/VarelaRound-Regular.ttf
23:42:02.970 [JavaFX Application Thread] DEBUG AppStateMachine      - Push state: DialogSubState
23:42:02.970 [JavaFX Application Thread] DEBUG Input                - Clearing active input actions
23:42:02.970 [JavaFX Application Thread] DEBUG AppStateMachine      - MainMenuState -> DialogSubState
23:42:02.972 [FXGL Background Thread 1 ] DEBUG DesktopFSService     - Reading from: .\profiles\cheater\user.profile
23:42:02.982 [JavaFX Application Thread] DEBUG AppStateMachine      - Pop state: DialogSubState
23:42:02.983 [JavaFX Application Thread] DEBUG Input                - Clearing active input actions
23:42:02.983 [JavaFX Application Thread] DEBUG AppStateMachine      - MainMenuState <- DialogSubState
23:42:02.983 [JavaFX Application Thread] DEBUG EventBus             - Firing event: LoadEvent[type=LOAD_PROFILE]
23:42:02.984 [JavaFX Application Thread] DEBUG AudioPlayer          - Loading data from profile
23:42:02.984 [JavaFX Application Thread] DEBUG Bundle               - Logging bundle: audio
23:42:02.984 [JavaFX Application Thread] DEBUG Bundle               - audio.musicVolume=0.053278688524590154
23:42:02.984 [JavaFX Application Thread] DEBUG Bundle               - audio.soundVolume=0.5
23:42:02.984 [JavaFX Application Thread] DEBUG Input                - Loading data from profile
23:42:02.984 [JavaFX Application Thread] DEBUG Bundle               - Logging bundle: input
23:42:02.984 [JavaFX Application Thread] DEBUG Bundle               - input.Move Right=D
23:42:02.984 [JavaFX Application Thread] DEBUG Bundle               - input.ToggleSlowMotion=7
23:42:02.984 [JavaFX Application Thread] DEBUG Bundle               - input.SpeedDown=5
23:42:02.984 [JavaFX Application Thread] DEBUG Bundle               - input.ToggleInvincibility=6
23:42:02.984 [JavaFX Application Thread] DEBUG Bundle               - input.Move Up=W
23:42:02.985 [JavaFX Application Thread] DEBUG Bundle               - input.Cheat=B
23:42:02.985 [JavaFX Application Thread] DEBUG Bundle               - input.IncrementCoins=1
23:42:02.985 [JavaFX Application Thread] DEBUG Bundle               - input.ToggleCoins=3
23:42:02.985 [JavaFX Application Thread] DEBUG Bundle               - input.Move Left=A
23:42:02.985 [JavaFX Application Thread] DEBUG Bundle               - input.SpeedUp=4
23:42:02.985 [JavaFX Application Thread] DEBUG Bundle               - input.Toggle Advanced Stats=F3
23:42:02.985 [JavaFX Application Thread] DEBUG Bundle               - input.Move Down=S
23:42:02.985 [JavaFX Application Thread] DEBUG Bundle               - input.DecrementCoins=2
23:42:02.985 [JavaFX Application Thread] DEBUG Bundle               - Logging bundle: gameplayStats
23:42:02.986 [JavaFX Application Thread] DEBUG Bundle               - gameplayStats.playtime=414949680129
23:42:02.986 [JavaFX Application Thread] DEBUG AchievementManager   - Loading data from profile
23:42:02.986 [JavaFX Application Thread] DEBUG Bundle               - Logging bundle: achievement
23:42:02.986 [JavaFX Application Thread] DEBUG AssetLoader          - Loading from cache: /assets/properties/languages/english.properties
23:42:02.987 [JavaFX Application Thread] DEBUG AssetLoader          - Loading from cache: /assets/ui/fonts/VarelaRound-Regular.ttf
23:42:02.987 [JavaFX Application Thread] DEBUG Input                - Registered new binding: Toggle Cheat Allowed - B
23:42:02.987 [JavaFX Application Thread] DEBUG Input                - Registered new binding: IncrementCoins - 1
23:42:02.987 [JavaFX Application Thread] DEBUG Input                - Registered new binding: DecrementCoins - 2
23:42:02.987 [JavaFX Application Thread] DEBUG Input                - Registered new binding: ToggleCoins - 3
23:42:02.988 [JavaFX Application Thread] DEBUG Input                - Registered new binding: SpeedUp - 4
23:42:02.988 [JavaFX Application Thread] DEBUG Input                - Registered new binding: SpeedDown - 5
23:42:02.988 [JavaFX Application Thread] DEBUG Input                - Registered new binding: ToggleInvincibility - 6
23:42:02.988 [JavaFX Application Thread] DEBUG Input                - Registered new binding: ToggleSlowMotion - 7
23:42:02.990 [JavaFX Application Thread] DEBUG AssetLoader          - Loading from cache: /assets/ui/fonts/VarelaRound-Regular.ttf
23:42:02.991 [JavaFX Application Thread] DEBUG AssetLoader          - Loading from cache: /assets/ui/fonts/VarelaRound-Regular.ttf
23:42:02.991 [JavaFX Application Thread] DEBUG AssetLoader          - Loading from cache: /assets/properties/languages/english.properties
23:42:02.992 [JavaFX Application Thread] DEBUG AssetLoader          - Loading from cache: /assets/ui/fonts/VarelaRound-Regular.ttf
23:42:02.993 [JavaFX Application Thread] FATAL FXGL                 - Uncaught Exception:

Fatal exception occurred: java.lang.IllegalArgumentException : Action with name "Toggle Cheat Allowed" already exists
E: com.almasb.fxgl.input.Input.addBinding(Input.kt:306)
E: com.almasb.fxgl.input.Input.addAction(Input.kt:295)
E: com.almasb.fxgl.input.Input.addAction$default(Input.kt:292)
E: com.almasb.fxgl.input.Input.addAction(Input.kt)
E: jogozMenu.JogozMenu.addCheats(JogozMenu.java:448)
E: jogozMenu.JogozMenu.createProfileView(JogozMenu.java:165)
E: com.almasb.fxgl.scene.FXGLMenu.lambda$new$0(FXGLMenu.java:102)
E: com.sun.javafx.binding.ExpressionHelper$Generic.fireValueChangedEvent(ExpressionHelper.java:361)
E: com.sun.javafx.binding.ExpressionHelper.fireValueChangedEvent(ExpressionHelper.java:81)
E: javafx.beans.property.ReadOnlyStringPropertyBase.fireValueChangedEvent(ReadOnlyStringPropertyBase.java:72)
E: javafx.beans.property.ReadOnlyStringWrapper.fireValueChangedEvent(ReadOnlyStringWrapper.java:103)
E: javafx.beans.property.StringPropertyBase.markInvalid(StringPropertyBase.java:110)
E: javafx.beans.property.StringPropertyBase.set(StringPropertyBase.java:144)
E: com.almasb.fxgl.app.MenuEventHandler$showProfileDialog$2$1.accept(MenuEventHandler.kt:302)
E: com.almasb.fxgl.app.MenuEventHandler$showProfileDialog$2$1.accept(MenuEventHandler.kt:30)
E: com.almasb.fxgl.core.concurrent.IOTask.succeed(IOTask.java:194)
E: com.almasb.fxgl.core.concurrent.IOTask.access$000(IOTask.java:22)
E: com.almasb.fxgl.core.concurrent.IOTask$2.succeeded(IOTask.java:150)
E: javafx.concurrent.Task.setState(Task.java:724)
E: javafx.concurrent.Task$TaskCallable.lambda$call$501(Task.java:1434)
E: com.sun.javafx.application.PlatformImpl.lambda$null$172(PlatformImpl.java:295)
E: java.security.AccessController.doPrivileged(Native Method)
E: com.sun.javafx.application.PlatformImpl.lambda$runLater$173(PlatformImpl.java:294)
E: com.sun.glass.ui.InvokeLaterDispatcher$Future.run(InvokeLaterDispatcher.java:95)
E: com.sun.glass.ui.win.WinApplication._runLoop(Native Method)
E: com.sun.glass.ui.win.WinApplication.lambda$null$147(WinApplication.java:177)
E: java.lang.Thread.run(Thread.java:748)

23:42:02.993 [JavaFX Application Thread] FATAL FXGL                 - Application will now exit
23:42:02.993 [JavaFX Application Thread] DEBUG LoopRunner           - Stopping loop
23:42:09.222 [JavaFX Application Thread] DEBUG FXGL                 - Exiting FXGL
23:42:09.222 [JavaFX Application Thread] DEBUG MenuEventHandler     - Creating default profile
23:42:09.222 [JavaFX Application Thread] DEBUG EventBus             - Firing event: SaveEvent
23:42:09.223 [JavaFX Application Thread] DEBUG AudioPlayer          - Saving data to profile
23:42:09.223 [JavaFX Application Thread] DEBUG Bundle               - Logging bundle: audio
23:42:09.223 [JavaFX Application Thread] DEBUG Bundle               - audio.musicVolume=0.053278688524590154
23:42:09.223 [JavaFX Application Thread] DEBUG Bundle               - audio.soundVolume=0.5
23:42:09.223 [JavaFX Application Thread] DEBUG Input                - Saving data to profile
23:42:09.223 [JavaFX Application Thread] DEBUG Bundle               - Logging bundle: input
23:42:09.223 [JavaFX Application Thread] DEBUG Bundle               - input.Move Right=D
23:42:09.223 [JavaFX Application Thread] DEBUG Bundle               - input.ToggleSlowMotion=7
23:42:09.223 [JavaFX Application Thread] DEBUG Bundle               - input.SpeedDown=5
23:42:09.223 [JavaFX Application Thread] DEBUG Bundle               - input.ToggleInvincibility=6
23:42:09.225 [JavaFX Application Thread] DEBUG Bundle               - input.Move Up=W
23:42:09.226 [JavaFX Application Thread] DEBUG Bundle               - input.IncrementCoins=1
23:42:09.226 [JavaFX Application Thread] DEBUG Bundle               - input.ToggleCoins=3
23:42:09.226 [JavaFX Application Thread] DEBUG Bundle               - input.Move Left=A
23:42:09.227 [JavaFX Application Thread] DEBUG Bundle               - input.Toggle Cheat Allowed=B
23:42:09.227 [JavaFX Application Thread] DEBUG Bundle               - input.SpeedUp=4
23:42:09.227 [JavaFX Application Thread] DEBUG Bundle               - input.Toggle Advanced Stats=F3
23:42:09.227 [JavaFX Application Thread] DEBUG Bundle               - input.Move Down=S
23:42:09.227 [JavaFX Application Thread] DEBUG Bundle               - input.DecrementCoins=2
23:42:09.227 [JavaFX Application Thread] DEBUG Bundle               - Logging bundle: gameplayStats
23:42:09.227 [JavaFX Application Thread] DEBUG Bundle               - gameplayStats.playtime=414949680129
23:42:09.227 [JavaFX Application Thread] DEBUG AchievementManager   - Saving data to profile
23:42:09.227 [JavaFX Application Thread] DEBUG Bundle               - Logging bundle: achievement
23:42:09.227 [JavaFX Application Thread] DEBUG SaveLoadManager      - Saving profile: cheater
23:42:09.232 [JavaFX Application Thread] DEBUG DesktopFSService     - Writing to: .\profiles\cheater\user.profile
23:42:09.237 [JavaFX Application Thread] DEBUG FXGL                 - Shutting down background threads
23:42:09.237 [JavaFX Application Thread] DEBUG FXGL                 - Saving FXGL system data
23:42:09.239 [JavaFX Application Thread] DEBUG DesktopFSService     - Writing to: system\fxgl.bundle
23:42:09.243 [JavaFX Application Thread] DEBUG FXGL                 - Closing logger and exiting JavaFX
